# JRE version: Java(TM) SE Runtime Environment (19.0.1+10) (build 19.0.1+10-21)
# Java VM: Java HotSpot(TM) 64-Bit Server VM (19.0.1+10-21, mixed mode, sharing, tiered, compressed oops, compressed class ptrs, g1 gc, windows-amd64)
GC Precious Log:
 CardTable entry size: 512
 Card Set container configuration: InlinePtr #cards 5 size 8 Array Of Cards #cards 12 size 40 Howl #buckets 4 coarsen threshold 1843 Howl Bitmap #cards 512 size 80 coarsen threshold 460 Card regions per heap region 1 cards per card region 2048
 CPUs: 4 total, 4 available
 Memory: 8063M
 Large Page Support: Disabled
 NUMA Support: Disabled
 Compressed Oops: Enabled (32-bit)
 Heap Region Size: 1M
 Heap Min Capacity: 8M
 Heap Initial Capacity: 126M
 Heap Max Capacity: 2G
 Pre-touch: Disabled
 Parallel Workers: 4
 Concurrent Workers: 1
 Concurrent Refinement Workers: 4
 Periodic GC: Disabled
Heap:
 garbage-first heap   total 538624K, used 527579K [0x0000000080000000, 0x0000000100000000)
  region size 1024K, 39 young (39936K), 3 survivors (3072K)
 Metaspace       used 120838K, committed 123840K, reserved 552960K
  class space    used 16376K, committed 17856K, reserved 421888K
GC Heap History (20 events):
Event: 140.937 GC heap before
{Heap before GC invocations=86 (full 0):
 garbage-first heap   total 427008K, used 363242K [0x0000000080000000, 0x0000000100000000)
  region size 1024K, 64 young (65536K), 8 survivors (8192K)
 Metaspace       used 117213K, committed 120128K, reserved 552960K
  class space    used 15998K, committed 17408K, reserved 421888K
}
Event: 140.963 GC heap after
{Heap after GC invocations=87 (full 0):
 garbage-first heap   total 427008K, used 314368K [0x0000000080000000, 0x0000000100000000)
  region size 1024K, 8 young (8192K), 8 survivors (8192K)
 Metaspace       used 117213K, committed 120128K, reserved 552960K
  class space    used 15998K, committed 17408K, reserved 421888K
}
Event: 141.933 GC heap before
{Heap before GC invocations=87 (full 0):
 garbage-first heap   total 427008K, used 365568K [0x0000000080000000, 0x0000000100000000)
  region size 1024K, 58 young (59392K), 8 survivors (8192K)
 Metaspace       used 117545K, committed 120384K, reserved 552960K
  class space    used 16039K, committed 17408K, reserved 421888K
}
Event: 141.952 GC heap after
{Heap after GC invocations=88 (full 0):
 garbage-first heap   total 427008K, used 318554K [0x0000000080000000, 0x0000000100000000)
  region size 1024K, 5 young (5120K), 5 survivors (5120K)
 Metaspace       used 117545K, committed 120384K, reserved 552960K
  class space    used 16039K, committed 17408K, reserved 421888K
}
Event: 143.052 GC heap before
{Heap before GC invocations=88 (full 0):
 garbage-first heap   total 427008K, used 367706K [0x0000000080000000, 0x0000000100000000)
  region size 1024K, 53 young (54272K), 5 survivors (5120K)
 Metaspace       used 119525K, committed 122432K, reserved 552960K
  class space    used 16262K, committed 17664K, reserved 421888K
}
Event: 143.067 GC heap after
{Heap after GC invocations=89 (full 0):
 garbage-first heap   total 427008K, used 323843K [0x0000000080000000, 0x0000000100000000)
  region size 1024K, 5 young (5120K), 5 survivors (5120K)
 Metaspace       used 119525K, committed 122432K, reserved 552960K
  class space    used 16262K, committed 17664K, reserved 421888K
}
Event: 144.105 GC heap before
{Heap before GC invocations=89 (full 0):
 garbage-first heap   total 427008K, used 358659K [0x0000000080000000, 0x0000000100000000)
  region size 1024K, 40 young (40960K), 5 survivors (5120K)
 Metaspace       used 119933K, committed 122816K, reserved 552960K
  class space    used 16315K, committed 17728K, reserved 421888K
}
Event: 144.126 GC heap after
{Heap after GC invocations=90 (full 0):
 garbage-first heap   total 427008K, used 329624K [0x0000000080000000, 0x0000000100000000)
  region size 1024K, 6 young (6144K), 6 survivors (6144K)
 Metaspace       used 119933K, committed 122816K, reserved 552960K
  class space    used 16315K, committed 17728K, reserved 421888K
}
Event: 146.677 GC heap before
{Heap before GC invocations=90 (full 0):
 garbage-first heap   total 538624K, used 506776K [0x0000000080000000, 0x0000000100000000)
  region size 1024K, 37 young (37888K), 6 survivors (6144K)
 Metaspace       used 120684K, committed 123584K, reserved 552960K
  class space    used 16374K, committed 17856K, reserved 421888K
}
Event: 146.690 GC heap after
{Heap after GC invocations=91 (full 0):
 garbage-first heap   total 538624K, used 331173K [0x0000000080000000, 0x0000000100000000)
  region size 1024K, 2 young (2048K), 2 survivors (2048K)
 Metaspace       used 120684K, committed 123584K, reserved 552960K
  class space    used 16374K, committed 17856K, reserved 421888K
}
Event: 147.364 GC heap before
{Heap before GC invocations=91 (full 0):
 garbage-first heap   total 538624K, used 485797K [0x0000000080000000, 0x0000000100000000)
  region size 1024K, 118 young (120832K), 2 survivors (2048K)
 Metaspace       used 120790K, committed 123712K, reserved 552960K
  class space    used 16375K, committed 17856K, reserved 421888K
}
Event: 147.370 GC heap after
{Heap after GC invocations=92 (full 0):
 garbage-first heap   total 538624K, used 347069K [0x0000000080000000, 0x0000000100000000)
  region size 1024K, 10 young (10240K), 10 survivors (10240K)
 Metaspace       used 120790K, committed 123712K, reserved 552960K
  class space    used 16375K, committed 17856K, reserved 421888K
}
Event: 147.780 GC heap before
{Heap before GC invocations=92 (full 0):
 garbage-first heap   total 538624K, used 460733K [0x0000000080000000, 0x0000000100000000)
  region size 1024K, 86 young (88064K), 10 survivors (10240K)
 Metaspace       used 120818K, committed 123712K, reserved 552960K
  class space    used 16376K, committed 17856K, reserved 421888K
}
Event: 147.787 GC heap after
{Heap after GC invocations=93 (full 0):
 garbage-first heap   total 538624K, used 361646K [0x0000000080000000, 0x0000000100000000)
  region size 1024K, 14 young (14336K), 14 survivors (14336K)
 Metaspace       used 120818K, committed 123712K, reserved 552960K
  class space    used 16376K, committed 17856K, reserved 421888K
}
Event: 147.922 GC heap before
{Heap before GC invocations=93 (full 0):
 garbage-first heap   total 538624K, used 397486K [0x0000000080000000, 0x0000000100000000)
  region size 1024K, 22 young (22528K), 14 survivors (14336K)
 Metaspace       used 120818K, committed 123712K, reserved 552960K
  class space    used 16376K, committed 17856K, reserved 421888K
}
Event: 147.928 GC heap after
{Heap after GC invocations=94 (full 0):
 garbage-first heap   total 538624K, used 368810K [0x0000000080000000, 0x0000000100000000)
  region size 1024K, 8 young (8192K), 8 survivors (8192K)
 Metaspace       used 120818K, committed 123712K, reserved 552960K
  class space    used 16376K, committed 17856K, reserved 421888K
}
Event: 147.961 GC heap before
{Heap before GC invocations=94 (full 0):
 garbage-first heap   total 538624K, used 380074K [0x0000000080000000, 0x0000000100000000)
  region size 1024K, 14 young (14336K), 8 survivors (8192K)
 Metaspace       used 120818K, committed 123712K, reserved 552960K
  class space    used 16376K, committed 17856K, reserved 421888K
}
Event: 147.966 GC heap after
{Heap after GC invocations=95 (full 0):
 garbage-first heap   total 538624K, used 371037K [0x0000000080000000, 0x0000000100000000)
  region size 1024K, 3 young (3072K), 3 survivors (3072K)
 Metaspace       used 120818K, committed 123712K, reserved 552960K
  class space    used 16376K, committed 17856K, reserved 421888K
}
Event: 147.973 GC heap before
{Heap before GC invocations=95 (full 0):
 garbage-first heap   total 538624K, used 373085K [0x0000000080000000, 0x0000000100000000)
  region size 1024K, 4 young (4096K), 3 survivors (3072K)
 Metaspace       used 120818K, committed 123712K, reserved 552960K
  class space    used 16376K, committed 17856K, reserved 421888K
}
Event: 147.977 GC heap after
{Heap after GC invocations=96 (full 0):
 garbage-first heap   total 538624K, used 371931K [0x0000000080000000, 0x0000000100000000)
  region size 1024K, 3 young (3072K), 3 survivors (3072K)
 Metaspace       used 120818K, committed 123712K, reserved 552960K
  class space    used 16376K, committed 17856K, reserved 421888K
}

