# JRE version: Java(TM) SE Runtime Environment (19.0.1+10) (build 19.0.1+10-21)
# Java VM: Java HotSpot(TM) 64-Bit Server VM (19.0.1+10-21, mixed mode, sharing, tiered, compressed oops, compressed class ptrs, g1 gc, windows-amd64)
GC Precious Log:
 CardTable entry size: 512
 Card Set container configuration: InlinePtr #cards 5 size 8 Array Of Cards #cards 12 size 40 Howl #buckets 4 coarsen threshold 1843 Howl Bitmap #cards 512 size 80 coarsen threshold 460 Card regions per heap region 1 cards per card region 2048
 CPUs: 4 total, 4 available
 Memory: 8063M
 Large Page Support: Disabled
 NUMA Support: Disabled
 Compressed Oops: Enabled (32-bit)
 Heap Region Size: 1M
 Heap Min Capacity: 8M
 Heap Initial Capacity: 126M
 Heap Max Capacity: 2G
 Pre-touch: Disabled
 Parallel Workers: 4
 Concurrent Workers: 1
 Concurrent Refinement Workers: 4
 Periodic GC: Disabled
Heap:
 garbage-first heap   total 451584K, used 332765K [0x0000000080000000, 0x0000000100000000)
  region size 1024K, 15 young (15360K), 3 survivors (3072K)
 Metaspace       used 117454K, committed 120384K, reserved 552960K
  class space    used 16010K, committed 17472K, reserved 421888K
GC Heap History (20 events):
Event: 179.695 GC heap before
{Heap before GC invocations=84 (full 0):
 garbage-first heap   total 382976K, used 327680K [0x0000000080000000, 0x0000000100000000)
  region size 1024K, 43 young (44032K), 4 survivors (4096K)
 Metaspace       used 117213K, committed 120128K, reserved 552960K
  class space    used 16004K, committed 17472K, reserved 421888K
}
Event: 179.711 GC heap after
{Heap after GC invocations=85 (full 0):
 garbage-first heap   total 382976K, used 291602K [0x0000000080000000, 0x0000000100000000)
  region size 1024K, 4 young (4096K), 4 survivors (4096K)
 Metaspace       used 117213K, committed 120128K, reserved 552960K
  class space    used 16004K, committed 17472K, reserved 421888K
}
Event: 180.433 GC heap before
{Heap before GC invocations=85 (full 0):
 garbage-first heap   total 382976K, used 329490K [0x0000000080000000, 0x0000000100000000)
  region size 1024K, 41 young (41984K), 4 survivors (4096K)
 Metaspace       used 117291K, committed 120192K, reserved 552960K
  class space    used 16005K, committed 17472K, reserved 421888K
}
Event: 180.444 GC heap after
{Heap after GC invocations=86 (full 0):
 garbage-first heap   total 382976K, used 295210K [0x0000000080000000, 0x0000000100000000)
  region size 1024K, 4 young (4096K), 4 survivors (4096K)
 Metaspace       used 117291K, committed 120192K, reserved 552960K
  class space    used 16005K, committed 17472K, reserved 421888K
}
Event: 181.067 GC heap before
{Heap before GC invocations=86 (full 0):
 garbage-first heap   total 382976K, used 331050K [0x0000000080000000, 0x0000000100000000)
  region size 1024K, 39 young (39936K), 4 survivors (4096K)
 Metaspace       used 117334K, committed 120320K, reserved 552960K
  class space    used 16007K, committed 17472K, reserved 421888K
}
Event: 181.079 GC heap after
{Heap after GC invocations=87 (full 0):
 garbage-first heap   total 382976K, used 299025K [0x0000000080000000, 0x0000000100000000)
  region size 1024K, 5 young (5120K), 5 survivors (5120K)
 Metaspace       used 117334K, committed 120320K, reserved 552960K
  class space    used 16007K, committed 17472K, reserved 421888K
}
Event: 181.799 GC heap before
{Heap before GC invocations=87 (full 0):
 garbage-first heap   total 382976K, used 331793K [0x0000000080000000, 0x0000000100000000)
  region size 1024K, 37 young (37888K), 5 survivors (5120K)
 Metaspace       used 117356K, committed 120320K, reserved 552960K
  class space    used 16008K, committed 17472K, reserved 421888K
}
Event: 181.813 GC heap after
{Heap after GC invocations=88 (full 0):
 garbage-first heap   total 382976K, used 303635K [0x0000000080000000, 0x0000000100000000)
  region size 1024K, 5 young (5120K), 5 survivors (5120K)
 Metaspace       used 117356K, committed 120320K, reserved 552960K
  class space    used 16008K, committed 17472K, reserved 421888K
}
Event: 182.126 GC heap before
{Heap before GC invocations=88 (full 0):
 garbage-first heap   total 382976K, used 333331K [0x0000000080000000, 0x0000000100000000)
  region size 1024K, 34 young (34816K), 5 survivors (5120K)
 Metaspace       used 117372K, committed 120320K, reserved 552960K
  class space    used 16008K, committed 17472K, reserved 421888K
}
Event: 182.140 GC heap after
{Heap after GC invocations=89 (full 0):
 garbage-first heap   total 382976K, used 307362K [0x0000000080000000, 0x0000000100000000)
  region size 1024K, 4 young (4096K), 4 survivors (4096K)
 Metaspace       used 117372K, committed 120320K, reserved 552960K
  class space    used 16008K, committed 17472K, reserved 421888K
}
Event: 183.381 GC heap before
{Heap before GC invocations=89 (full 0):
 garbage-first heap   total 382976K, used 333986K [0x0000000080000000, 0x0000000100000000)
  region size 1024K, 30 young (30720K), 4 survivors (4096K)
 Metaspace       used 117404K, committed 120384K, reserved 552960K
  class space    used 16009K, committed 17472K, reserved 421888K
}
Event: 183.392 GC heap after
{Heap after GC invocations=90 (full 0):
 garbage-first heap   total 382976K, used 310632K [0x0000000080000000, 0x0000000100000000)
  region size 1024K, 4 young (4096K), 4 survivors (4096K)
 Metaspace       used 117404K, committed 120384K, reserved 552960K
  class space    used 16009K, committed 17472K, reserved 421888K
}
Event: 183.720 GC heap before
{Heap before GC invocations=90 (full 0):
 garbage-first heap   total 382976K, used 335208K [0x0000000080000000, 0x0000000100000000)
  region size 1024K, 28 young (28672K), 4 survivors (4096K)
 Metaspace       used 117418K, committed 120384K, reserved 552960K
  class space    used 16010K, committed 17472K, reserved 421888K
}
Event: 183.733 GC heap after
{Heap after GC invocations=91 (full 0):
 garbage-first heap   total 382976K, used 313858K [0x0000000080000000, 0x0000000100000000)
  region size 1024K, 4 young (4096K), 4 survivors (4096K)
 Metaspace       used 117418K, committed 120384K, reserved 552960K
  class space    used 16010K, committed 17472K, reserved 421888K
}
Event: 184.053 GC heap before
{Heap before GC invocations=91 (full 0):
 garbage-first heap   total 382976K, used 335362K [0x0000000080000000, 0x0000000100000000)
  region size 1024K, 25 young (25600K), 4 survivors (4096K)
 Metaspace       used 117427K, committed 120384K, reserved 552960K
  class space    used 16010K, committed 17472K, reserved 421888K
}
Event: 184.064 GC heap after
{Heap after GC invocations=92 (full 0):
 garbage-first heap   total 382976K, used 316596K [0x0000000080000000, 0x0000000100000000)
  region size 1024K, 3 young (3072K), 3 survivors (3072K)
 Metaspace       used 117427K, committed 120384K, reserved 552960K
  class space    used 16010K, committed 17472K, reserved 421888K
}
Event: 184.267 GC heap before
{Heap before GC invocations=92 (full 0):
 garbage-first heap   total 382976K, used 336052K [0x0000000080000000, 0x0000000100000000)
  region size 1024K, 22 young (22528K), 3 survivors (3072K)
 Metaspace       used 117439K, committed 120384K, reserved 552960K
  class space    used 16010K, committed 17472K, reserved 421888K
}
Event: 184.276 GC heap after
{Heap after GC invocations=93 (full 0):
 garbage-first heap   total 382976K, used 318738K [0x0000000080000000, 0x0000000100000000)
  region size 1024K, 3 young (3072K), 3 survivors (3072K)
 Metaspace       used 117439K, committed 120384K, reserved 552960K
  class space    used 16010K, committed 17472K, reserved 421888K
}
Event: 184.431 GC heap before
{Heap before GC invocations=93 (full 0):
 garbage-first heap   total 382976K, used 337170K [0x0000000080000000, 0x0000000100000000)
  region size 1024K, 21 young (21504K), 3 survivors (3072K)
 Metaspace       used 117451K, committed 120384K, reserved 552960K
  class space    used 16010K, committed 17472K, reserved 421888K
}
Event: 184.441 GC heap after
{Heap after GC invocations=94 (full 0):
 garbage-first heap   total 451584K, used 321501K [0x0000000080000000, 0x0000000100000000)
  region size 1024K, 3 young (3072K), 3 survivors (3072K)
 Metaspace       used 117451K, committed 120384K, reserved 552960K
  class space    used 16010K, committed 17472K, reserved 421888K
}

